INITIAL MOVE: rhombus
Init move: 6 4
Moved self move
Opponent move done
INITIAL MOVE: rhombus
Init move: 3 5
Moved self move
Opponent move done
INITIAL MOVE: rhombus
Init move: 7 4
Moved self move
Opponent move done
INITIAL MOVE: block
Init move: 2 3
Moved self move
Opponent move done
INITIAL MOVE: block
Init move: 3 3
Moved self move
Opponent move done
Starting ID
Best Move at: 1
Moved self move
Opponent move done
Starting ID
Best Move at: 0
Moved self move
Opponent move done
Starting ID
Best Move at: 0
Moved self move
Opponent move done
Starting ID
Best Move at: 0
Moved self move
Opponent move done
Starting ID
Best Move at: 42
Moved self move
Opponent move done
Starting ID
Best Move at: 27
Moved self move
Opponent move done
Starting ID
Best Move at: 32
Moved self move
Opponent move done
Starting ID
Best Move at: 29
Moved self move
Opponent move done
Starting ID
Best Move at: 0
Moved self move
Opponent move done
Starting ID
Best Move at: 31
Moved self move
Opponent move done
Starting ID
Best Move at: 0
Moved self move
Opponent move done
Starting ID
Best Move at: 0
Moved self move
Opponent move done
Starting ID
Best Move at: 0
Moved self move
Opponent move done
Starting ID
Best Move at: 0
Moved self move
Opponent move done
Starting ID
Best Move at: 17
Moved self move
Opponent move done
Starting ID
Best Move at: 27
Moved self move
Opponent move done
Starting ID
Best Move at: 0
Moved self move
Opponent move done
Starting ID
Best Move at: 8
Moved self move
Opponent move done
Starting ID
Best Move at: 8
Moved self move
Opponent move done
Starting ID
Best Move at: 14
Moved self move
Opponent move done
Starting ID
Best Move at: 16
Moved self move
Opponent move done
Starting ID
Best Move at: 4
Moved self move
Opponent move done
Starting ID
removing markers case, subproblem 1 
Best Move at: 6
Moved self move
Opponent move done
Starting ID
removing markers case, subproblem 1 
removing markers case, subproblem 1 
removing markers case, subproblem 1 
removing markers case, subproblem 1 
removing markers case, subproblem 1 
removing markers case, subproblem 1 
removing markers case, subproblem 1 
removing markers case, subproblem 1 
removing markers case, subproblem 1 
removing markers case, subproblem 1 
removing markers case, subproblem 1 
removing markers case, subproblem 1 
removing markers case, subproblem 1 
removing markers case, subproblem 1 
removing markers case, subproblem 1 
Best Move at: 1
Moved self move
