lets see this one
            _ _ _ _   
        _ _ _ _ _ _ _ 
      _ _ _ _ _ _ _ _ 
    _ _ _ _ _ _ _ _ _ 
  _ _ _ _ _ _ _ _ _ _ 
  _ _ _ _ _ _ _ _ _   
_ _ _ _ _ _ _ _ _ _   
_ _ _ _ _ _ _ _ _     
_ _ _ _ _ _ _ _       
_ _ _ _ _ _ _         
  _ _ _ _             
            _ _ _ _   
         _ _ _ _ _ _ _ 
        _ _ _ _ _ _ _ _ 
       _ _ _ _ _ _ _ _ _ 
      _ _ _ _ _ _ _ _ _ _ 
       _ _ _ _ _ _ _ _ _   
      _ _ _ _ _ _ _ _ _ _   
       _ _ _ _ _ _ _ _ _     
        _ _ _ _ _ _ _ _       
         _ _ _ _ _ _ _         
            _ _ _ _             
starting iteration on above
I did P 0 0
He did P 1 4
lets see this one
            _ _ _ _   
        _ _ _ _ _ _ _ 
      _ _ _ _ _ _ _ _ 
    _ _ _ _ _ _ _ _ _ 
  _ _ _ _ _ _ _ _ _ _ 
  _ _ _ _ 2 _ _ _ _   
_ _ _ _ 3 _ _ _ _ _   
_ _ _ _ _ _ _ _ _     
_ _ _ _ _ _ _ _       
_ _ _ _ _ _ _         
  _ _ _ _             
            _ _ _ _   
         _ _ _ _ _ _ _ 
        _ _ _ _ _ _ _ _ 
       _ _ _ _ _ _ _ _ _ 
      _ _ _ _ _ _ _ _ _ _ 
       _ _ _ _ 2 _ _ _ _   
      _ _ _ _ 3 _ _ _ _ _   
       _ _ _ _ _ _ _ _ _     
        _ _ _ _ _ _ _ _       
         _ _ _ _ _ _ _         
            _ _ _ _             
starting iteration on above
I did P 2 10
He did P 1 5
lets see this one
            _ _ _ _   
        _ _ _ _ _ _ _ 
      _ _ _ _ _ _ _ _ 
    _ _ _ _ _ _ _ _ _ 
  _ _ _ _ _ _ _ _ _ _ 
  _ _ 2 3 2 _ _ _ _   
_ _ _ _ 3 _ _ _ _ _   
_ _ _ _ _ _ _ _ _     
_ _ _ _ _ _ _ _       
_ _ _ _ _ _ _         
  _ _ _ _             
            _ _ _ _   
         _ _ _ _ _ _ _ 
        _ _ _ _ _ _ _ _ 
       _ _ _ _ _ _ _ _ _ 
      _ _ _ _ _ _ _ _ _ _ 
       _ _ 2 3 2 _ _ _ _   
      _ _ _ _ 3 _ _ _ _ _   
       _ _ _ _ _ _ _ _ _     
        _ _ _ _ _ _ _ _       
         _ _ _ _ _ _ _         
            _ _ _ _             
starting iteration on above
I did P 1 3
He did P 1 2
lets see this one
            _ _ _ _   
        _ _ _ _ _ _ _ 
      _ _ _ _ _ _ _ _ 
    _ _ _ _ _ _ _ _ _ 
  _ _ _ _ _ _ _ _ _ _ 
  _ _ 2 3 2 3 _ _ _   
_ _ _ _ 3 2 _ _ _ _   
_ _ _ _ _ _ _ _ _     
_ _ _ _ _ _ _ _       
_ _ _ _ _ _ _         
  _ _ _ _             
            _ _ _ _   
         _ _ _ _ _ _ _ 
        _ _ _ _ _ _ _ _ 
       _ _ _ _ _ _ _ _ _ 
      _ _ _ _ _ _ _ _ _ _ 
       _ _ 2 3 2 3 _ _ _   
      _ _ _ _ 3 2 _ _ _ _   
       _ _ _ _ _ _ _ _ _     
        _ _ _ _ _ _ _ _       
         _ _ _ _ _ _ _         
            _ _ _ _             
starting iteration on above
I did P 2 5
He did P 3 14
lets see this one
            _ _ _ _   
        _ _ _ _ _ _ _ 
      _ _ _ _ _ _ _ _ 
    _ _ _ _ _ _ _ _ _ 
  _ _ _ _ _ _ _ _ _ _ 
  _ _ 2 3 2 3 _ _ _   
_ _ 3 _ 3 2 2 _ _ _   
_ _ _ _ _ _ _ _ _     
_ _ _ _ _ _ _ _       
_ _ _ _ _ _ _         
  _ _ _ _             
            _ _ _ _   
         _ _ _ _ _ _ _ 
        _ _ _ _ _ _ _ _ 
       _ _ _ _ _ _ _ _ _ 
      _ _ _ _ _ _ _ _ _ _ 
       _ _ 2 3 2 3 _ _ _   
      _ _ 3 _ 3 2 2 _ _ _   
       _ _ _ _ _ _ _ _ _     
        _ _ _ _ _ _ _ _       
         _ _ _ _ _ _ _         
            _ _ _ _             
starting iteration on above
I did P 3 13
He did P 2 9
lets see this one
            _ _ _ _   
        _ _ _ _ _ _ _ 
      _ _ _ _ _ _ _ _ 
    _ _ _ _ _ _ _ _ _ 
  _ _ _ _ _ _ _ _ _ _ 
  _ _ 2 3 2 3 _ _ _   
_ _ 3 3 3 2 2 _ _ _   
_ _ 2 _ _ _ _ _ _     
_ _ _ _ _ _ _ _       
_ _ _ _ _ _ _         
  _ _ _ _             
            _ _ _ _   
         _ _ _ _ _ _ _ 
        _ _ _ _ _ _ _ _ 
       _ _ _ _ _ _ _ _ _ 
      _ _ _ _ _ _ _ _ _ _ 
       _ _ 2 3 2 3 _ _ _   
      _ _ 3 3 3 2 2 _ _ _   
       _ _ 2 _ _ _ _ _ _     
        _ _ _ _ _ _ _ _       
         _ _ _ _ _ _ _         
            _ _ _ _             
starting iteration on above
I, player 1 did  S 3 13 M 3 8 which means 
            _ _ _ _   
        _ _ _ _ _ _ _ 
      _ _ _ _ _ _ _ _ 
    _ _ _ _ _ _ _ _ _ 
  _ _ _ _ _ _ _ _ _ _ 
  _ _ 2 3 2 3 _ _ _   
_ _ 3 3 3 2 2 _ _ _   
_ _ 4 _ _ _ 2 _ _     
_ _ _ _ _ _ _ _       
_ _ _ _ _ _ _         
  _ _ _ _             
            _ _ _ _   
         _ _ _ _ _ _ _ 
        _ _ _ _ _ _ _ _ 
       _ _ _ _ _ _ _ _ _ 
      _ _ _ _ _ _ _ _ _ _ 
       _ _ 2 3 2 3 _ _ _   
      _ _ 3 3 3 2 2 _ _ _   
       _ _ 4 _ _ _ 2 _ _     
        _ _ _ _ _ _ _ _       
         _ _ _ _ _ _ _         
            _ _ _ _             
He did S 1 4 M 2 7
lets see this one
            _ _ _ _   
        _ _ _ _ _ _ _ 
      _ _ _ _ _ _ _ _ 
    _ _ _ _ _ _ _ _ _ 
  _ _ _ _ _ _ _ _ _ _ 
  _ _ 2 3 2 3 _ _ _   
_ _ 3 3 5 2 2 _ _ _   
_ _ 4 _ 3 _ 2 _ _     
_ _ _ _ _ _ _ _       
_ _ _ _ _ _ _         
  _ _ _ _             
            _ _ _ _   
         _ _ _ _ _ _ _ 
        _ _ _ _ _ _ _ _ 
       _ _ _ _ _ _ _ _ _ 
      _ _ _ _ _ _ _ _ _ _ 
       _ _ 2 3 2 3 _ _ _   
      _ _ 3 3 5 2 2 _ _ _   
       _ _ 4 _ 3 _ 2 _ _     
        _ _ _ _ _ _ _ _       
         _ _ _ _ _ _ _         
            _ _ _ _             
starting iteration on above
I, player 1 did  S 2 5 M 3 10 which means 
            _ _ _ _   
        _ _ _ _ _ _ _ 
      _ _ _ _ _ _ _ _ 
    _ _ _ _ _ _ _ _ _ 
  _ _ _ _ _ _ _ _ _ _ 
  _ _ 2 3 2 3 _ _ _   
_ _ 3 3 5 2 4 _ _ _   
_ _ 4 _ 3 _ 2 _ _     
_ _ _ _ 2 _ _ _       
_ _ _ _ _ _ _         
  _ _ _ _             
            _ _ _ _   
         _ _ _ _ _ _ _ 
        _ _ _ _ _ _ _ _ 
       _ _ _ _ _ _ _ _ _ 
      _ _ _ _ _ _ _ _ _ _ 
       _ _ 2 3 2 3 _ _ _   
      _ _ 3 3 5 2 4 _ _ _   
       _ _ 4 _ 3 _ 2 _ _     
        _ _ _ _ 2 _ _ _       
         _ _ _ _ _ _ _         
            _ _ _ _             
He did S 2 7 M 3 11
lets see this one
            _ _ _ _   
        _ _ _ _ _ _ _ 
      _ _ _ _ _ _ _ _ 
    _ _ _ _ _ _ _ _ _ 
  _ _ _ _ _ _ _ _ _ _ 
  _ _ 2 3 2 3 _ _ _   
_ _ 3 3 5 2 4 _ _ _   
_ _ 4 _ 5 _ 2 _ _     
_ _ _ 3 2 _ _ _       
_ _ _ _ _ _ _         
  _ _ _ _             
            _ _ _ _   
         _ _ _ _ _ _ _ 
        _ _ _ _ _ _ _ _ 
       _ _ _ _ _ _ _ _ _ 
      _ _ _ _ _ _ _ _ _ _ 
       _ _ 2 3 2 3 _ _ _   
      _ _ 3 3 5 2 4 _ _ _   
       _ _ 4 _ 5 _ 2 _ _     
        _ _ _ 3 2 _ _ _       
         _ _ _ _ _ _ _         
            _ _ _ _             
starting iteration on above
I, player 1 did  S 0 0 M 1 0 which means 
            _ _ _ _   
        _ _ _ _ _ _ _ 
      _ _ _ _ _ _ _ _ 
    _ _ _ _ _ _ _ _ _ 
  _ _ _ _ 2 _ _ _ _ _ 
  _ _ 2 3 4 3 _ _ _   
_ _ 3 3 5 2 4 _ _ _   
_ _ 4 _ 5 _ 2 _ _     
_ _ _ 3 2 _ _ _       
_ _ _ _ _ _ _         
  _ _ _ _             
            _ _ _ _   
         _ _ _ _ _ _ _ 
        _ _ _ _ _ _ _ _ 
       _ _ _ _ _ _ _ _ _ 
      _ _ _ _ 2 _ _ _ _ _ 
       _ _ 2 3 4 3 _ _ _   
      _ _ 3 3 5 2 4 _ _ _   
       _ _ 4 _ 5 _ 2 _ _     
        _ _ _ 3 2 _ _ _       
         _ _ _ _ _ _ _         
            _ _ _ _             
He did S 3 11 M 2 8
lets see this one
            _ _ _ _   
        _ _ _ _ _ _ _ 
      _ _ _ _ _ _ _ _ 
    _ _ _ _ _ _ _ _ _ 
  _ _ _ _ 2 _ _ _ _ _ 
  _ _ 2 3 4 3 _ _ _   
_ _ 3 3 5 2 4 _ _ _   
_ _ 4 3 5 _ 2 _ _     
_ _ _ 5 2 _ _ _       
_ _ _ _ _ _ _         
  _ _ _ _             
            _ _ _ _   
         _ _ _ _ _ _ _ 
        _ _ _ _ _ _ _ _ 
       _ _ _ _ _ _ _ _ _ 
      _ _ _ _ 2 _ _ _ _ _ 
       _ _ 2 3 4 3 _ _ _   
      _ _ 3 3 5 2 4 _ _ _   
       _ _ 4 3 5 _ 2 _ _     
        _ _ _ 5 2 _ _ _       
         _ _ _ _ _ _ _         
            _ _ _ _             
starting iteration on above
I, player 1 did  S 3 10 M 3 12 which means 
            _ _ _ _   
        _ _ _ _ _ _ _ 
      _ _ _ _ _ _ _ _ 
    _ _ _ _ _ _ _ _ _ 
  _ _ _ _ 2 _ _ _ _ _ 
  _ _ 2 3 4 3 _ _ _   
_ _ 3 3 5 2 4 _ _ _   
_ _ 4 3 5 _ 2 _ _     
_ _ 2 4 4 _ _ _       
_ _ _ _ _ _ _         
  _ _ _ _             
            _ _ _ _   
         _ _ _ _ _ _ _ 
        _ _ _ _ _ _ _ _ 
       _ _ _ _ _ _ _ _ _ 
      _ _ _ _ 2 _ _ _ _ _ 
       _ _ 2 3 4 3 _ _ _   
      _ _ 3 3 5 2 4 _ _ _   
       _ _ 4 3 5 _ 2 _ _     
        _ _ 2 4 4 _ _ _       
         _ _ _ _ _ _ _         
            _ _ _ _             
He did S 2 8 M 2 6
lets see this one
            _ _ _ _   
        _ _ _ _ _ _ _ 
      _ _ _ _ _ _ _ _ 
    _ _ _ _ _ _ _ _ _ 
  _ _ _ _ 2 _ _ _ _ _ 
  _ _ 2 3 4 3 _ _ _   
_ _ 3 3 5 2 4 _ _ _   
_ _ 4 5 4 3 2 _ _     
_ _ 2 4 4 _ _ _       
_ _ _ _ _ _ _         
  _ _ _ _             
            _ _ _ _   
         _ _ _ _ _ _ _ 
        _ _ _ _ _ _ _ _ 
       _ _ _ _ _ _ _ _ _ 
      _ _ _ _ 2 _ _ _ _ _ 
       _ _ 2 3 4 3 _ _ _   
      _ _ 3 3 5 2 4 _ _ _   
       _ _ 4 5 4 3 2 _ _     
        _ _ 2 4 4 _ _ _       
         _ _ _ _ _ _ _         
            _ _ _ _             
starting iteration on above
I, player 1 did  S 1 0 M 2 1 which means 
            _ _ _ _   
        _ _ _ _ _ _ _ 
      _ _ _ _ _ _ _ _ 
    _ _ _ _ 2 _ _ _ _ 
  _ _ _ _ 4 _ _ _ _ _ 
  _ _ 2 3 4 3 _ _ _   
_ _ 3 3 5 2 4 _ _ _   
_ _ 4 5 4 3 2 _ _     
_ _ 2 4 4 _ _ _       
_ _ _ _ _ _ _         
  _ _ _ _             
            _ _ _ _   
         _ _ _ _ _ _ _ 
        _ _ _ _ _ _ _ _ 
       _ _ _ _ 2 _ _ _ _ 
      _ _ _ _ 4 _ _ _ _ _ 
       _ _ 2 3 4 3 _ _ _   
      _ _ 3 3 5 2 4 _ _ _   
       _ _ 4 5 4 3 2 _ _     
        _ _ 2 4 4 _ _ _       
         _ _ _ _ _ _ _         
            _ _ _ _             
He did S 2 6 M 3 9
lets see this one
            _ _ _ _   
        _ _ _ _ _ _ _ 
      _ _ _ _ _ _ _ _ 
    _ _ _ _ 2 _ _ _ _ 
  _ _ _ _ 4 _ _ _ _ _ 
  _ _ 2 3 4 3 _ _ _   
_ _ 3 3 5 2 4 _ _ _   
_ _ 4 5 4 5 2 _ _     
_ _ 2 4 4 3 _ _       
_ _ _ _ _ _ _         
  _ _ _ _             
            _ _ _ _   
         _ _ _ _ _ _ _ 
        _ _ _ _ _ _ _ _ 
       _ _ _ _ 2 _ _ _ _ 
      _ _ _ _ 4 _ _ _ _ _ 
       _ _ 2 3 4 3 _ _ _   
      _ _ 3 3 5 2 4 _ _ _   
       _ _ 4 5 4 5 2 _ _     
        _ _ 2 4 4 3 _ _       
         _ _ _ _ _ _ _         
            _ _ _ _             
starting iteration on above
I, player 1 did  S 2 1 M 3 2 which means 
            _ _ _ _   
        _ _ _ _ _ _ _ 
      _ _ _ _ 2 _ _ _ 
    _ _ _ _ 4 _ _ _ _ 
  _ _ _ _ 4 _ _ _ _ _ 
  _ _ 2 3 4 3 _ _ _   
_ _ 3 3 5 2 4 _ _ _   
_ _ 4 5 4 5 2 _ _     
_ _ 2 4 4 3 _ _       
_ _ _ _ _ _ _         
  _ _ _ _             
            _ _ _ _   
         _ _ _ _ _ _ _ 
        _ _ _ _ 2 _ _ _ 
       _ _ _ _ 4 _ _ _ _ 
      _ _ _ _ 4 _ _ _ _ _ 
       _ _ 2 3 4 3 _ _ _   
      _ _ 3 3 5 2 4 _ _ _   
       _ _ 4 5 4 5 2 _ _     
        _ _ 2 4 4 3 _ _       
         _ _ _ _ _ _ _         
            _ _ _ _             
He did S 3 9 M 4 12
lets see this one
            _ _ _ _   
        _ _ _ _ _ _ _ 
      _ _ _ _ 2 _ _ _ 
    _ _ _ _ 4 _ _ _ _ 
  _ _ _ _ 4 _ _ _ _ _ 
  _ _ 2 3 4 3 _ _ _   
_ _ 3 3 5 2 4 _ _ _   
_ _ 4 5 4 5 2 _ _     
_ _ 2 4 4 5 _ _       
_ _ _ _ _ 3 _         
  _ _ _ _             
            _ _ _ _   
         _ _ _ _ _ _ _ 
        _ _ _ _ 2 _ _ _ 
       _ _ _ _ 4 _ _ _ _ 
      _ _ _ _ 4 _ _ _ _ _ 
       _ _ 2 3 4 3 _ _ _   
      _ _ 3 3 5 2 4 _ _ _   
       _ _ 4 5 4 5 2 _ _     
        _ _ 2 4 4 5 _ _       
         _ _ _ _ _ 3 _         
            _ _ _ _             
starting iteration on above
I, player 1 did  S 3 8 M 4 13 which means 
            _ _ _ _   
        _ _ _ _ _ _ _ 
      _ _ _ _ 2 _ _ _ 
    _ _ _ _ 4 _ _ _ _ 
  _ _ _ _ 4 _ _ _ _ _ 
  _ _ 2 3 4 3 _ _ _   
_ _ 3 3 5 2 4 _ _ _   
_ _ 4 5 4 5 4 _ _     
_ _ 2 4 4 4 _ _       
_ _ _ _ 2 3 _         
  _ _ _ _             
            _ _ _ _   
         _ _ _ _ _ _ _ 
        _ _ _ _ 2 _ _ _ 
       _ _ _ _ 4 _ _ _ _ 
      _ _ _ _ 4 _ _ _ _ _ 
       _ _ 2 3 4 3 _ _ _   
      _ _ 3 3 5 2 4 _ _ _   
       _ _ 4 5 4 5 4 _ _     
        _ _ 2 4 4 4 _ _       
         _ _ _ _ 2 3 _         
            _ _ _ _             
He did 
lets see this one
            _ _ _ _   
        _ _ _ _ _ _ _ 
      _ _ _ _ 2 _ _ _ 
    _ _ _ _ 4 _ _ _ _ 
  _ _ _ _ 4 _ _ _ _ _ 
  _ _ 2 3 4 3 _ _ _   
_ _ 3 3 5 2 4 _ _ _   
_ _ 4 5 4 5 4 _ _     
_ _ 2 4 4 4 _ _       
_ _ _ _ 2 3 _         
  _ _ _ _             
            _ _ _ _   
         _ _ _ _ _ _ _ 
        _ _ _ _ 2 _ _ _ 
       _ _ _ _ 4 _ _ _ _ 
      _ _ _ _ 4 _ _ _ _ _ 
       _ _ 2 3 4 3 _ _ _   
      _ _ 3 3 5 2 4 _ _ _   
       _ _ 4 5 4 5 4 _ _     
        _ _ 2 4 4 4 _ _       
         _ _ _ _ 2 3 _         
            _ _ _ _             
starting iteration on above
I, player 1 did  S 3 2 M 4 3 which means 
            _ _ _ _   
        _ _ _ _ 2 _ _ 
      _ _ _ _ 4 _ _ _ 
    _ _ _ _ 4 _ _ _ _ 
  _ _ _ _ 4 _ _ _ _ _ 
  _ _ 2 3 4 3 _ _ _   
_ _ 3 3 5 2 4 _ _ _   
_ _ 4 5 4 5 4 _ _     
_ _ 2 4 4 4 _ _       
_ _ _ _ 2 3 _         
  _ _ _ _             
            _ _ _ _   
         _ _ _ _ 2 _ _ 
        _ _ _ _ 4 _ _ _ 
       _ _ _ _ 4 _ _ _ _ 
      _ _ _ _ 4 _ _ _ _ _ 
       _ _ 2 3 4 3 _ _ _   
      _ _ 3 3 5 2 4 _ _ _   
       _ _ 4 5 4 5 4 _ _     
        _ _ 2 4 4 4 _ _       
         _ _ _ _ 2 3 _         
            _ _ _ _             
He did 
lets see this one
            _ _ _ _   
        _ _ _ _ 2 _ _ 
      _ _ _ _ 4 _ _ _ 
    _ _ _ _ 4 _ _ _ _ 
  _ _ _ _ 4 _ _ _ _ _ 
  _ _ 2 3 4 3 _ _ _   
_ _ 3 3 5 2 4 _ _ _   
_ _ 4 5 4 5 4 _ _     
_ _ 2 4 4 4 _ _       
_ _ _ _ 2 3 _         
  _ _ _ _             
            _ _ _ _   
         _ _ _ _ 2 _ _ 
        _ _ _ _ 4 _ _ _ 
       _ _ _ _ 4 _ _ _ _ 
      _ _ _ _ 4 _ _ _ _ _ 
       _ _ 2 3 4 3 _ _ _   
      _ _ 3 3 5 2 4 _ _ _   
       _ _ 4 5 4 5 4 _ _     
        _ _ 2 4 4 4 _ _       
         _ _ _ _ 2 3 _         
            _ _ _ _             
starting iteration on above
I, player 1 did  S 4 13 M 5 16 which means 
            _ _ _ _   
        _ _ _ _ 2 _ _ 
      _ _ _ _ 4 _ _ _ 
    _ _ _ _ 4 _ _ _ _ 
  _ _ _ _ 4 _ _ _ _ _ 
  _ _ 2 3 4 3 _ _ _   
_ _ 3 3 5 2 4 _ _ _   
_ _ 4 5 4 5 4 _ _     
_ _ 2 4 4 4 _ _       
_ _ _ _ 4 3 _         
  _ _ _ 2             
            _ _ _ _   
         _ _ _ _ 2 _ _ 
        _ _ _ _ 4 _ _ _ 
       _ _ _ _ 4 _ _ _ _ 
      _ _ _ _ 4 _ _ _ _ _ 
       _ _ 2 3 4 3 _ _ _   
      _ _ 3 3 5 2 4 _ _ _   
       _ _ 4 5 4 5 4 _ _     
        _ _ 2 4 4 4 _ _       
         _ _ _ _ 4 3 _         
            _ _ _ 2             
He did 
lets see this one
            _ _ _ _   
        _ _ _ _ 2 _ _ 
      _ _ _ _ 4 _ _ _ 
    _ _ _ _ 4 _ _ _ _ 
  _ _ _ _ 4 _ _ _ _ _ 
  _ _ 2 3 4 3 _ _ _   
_ _ 3 3 5 2 4 _ _ _   
_ _ 4 5 4 5 4 _ _     
_ _ 2 4 4 4 _ _       
_ _ _ _ 4 3 _         
  _ _ _ 2             
            _ _ _ _   
         _ _ _ _ 2 _ _ 
        _ _ _ _ 4 _ _ _ 
       _ _ _ _ 4 _ _ _ _ 
      _ _ _ _ 4 _ _ _ _ _ 
       _ _ 2 3 4 3 _ _ _   
      _ _ 3 3 5 2 4 _ _ _   
       _ _ 4 5 4 5 4 _ _     
        _ _ 2 4 4 4 _ _       
         _ _ _ _ 4 3 _         
            _ _ _ 2             
starting iteration on above
I, player 1 did  S 3 12 M 1 1 which means 
            _ _ _ _   
        _ _ _ _ 2 _ _ 
      _ _ _ _ 4 _ _ _ 
    _ _ _ _ 4 _ _ _ _ 
  _ _ _ _ 4 2 _ _ _ _ 
  _ _ 2 3 5 3 _ _ _   
_ _ 3 3 4 2 4 _ _ _   
_ _ 4 4 4 5 4 _ _     
_ _ 4 4 4 4 _ _       
_ _ _ _ 4 3 _         
  _ _ _ 2             
            _ _ _ _   
         _ _ _ _ 2 _ _ 
        _ _ _ _ 4 _ _ _ 
       _ _ _ _ 4 _ _ _ _ 
      _ _ _ _ 4 2 _ _ _ _ 
       _ _ 2 3 5 3 _ _ _   
      _ _ 3 3 4 2 4 _ _ _   
       _ _ 4 4 4 5 4 _ _     
        _ _ 4 4 4 4 _ _       
         _ _ _ _ 4 3 _         
            _ _ _ 2             
He did 
lets see this one
            _ _ _ _   
        _ _ _ _ 2 _ _ 
      _ _ _ _ 4 _ _ _ 
    _ _ _ _ 4 _ _ _ _ 
  _ _ _ _ 4 2 _ _ _ _ 
  _ _ 2 3 5 3 _ _ _   
_ _ 3 3 4 2 4 _ _ _   
_ _ 4 4 4 5 4 _ _     
_ _ 4 4 4 4 _ _       
_ _ _ _ 4 3 _         
  _ _ _ 2             
            _ _ _ _   
         _ _ _ _ 2 _ _ 
        _ _ _ _ 4 _ _ _ 
       _ _ _ _ 4 _ _ _ _ 
      _ _ _ _ 4 2 _ _ _ _ 
       _ _ 2 3 5 3 _ _ _   
      _ _ 3 3 4 2 4 _ _ _   
       _ _ 4 4 4 5 4 _ _     
        _ _ 4 4 4 4 _ _       
         _ _ _ _ 4 3 _         
            _ _ _ 2             
starting iteration on above
I, player 1 did  S 4 3 M 5 4 which means 
            _ _ _ 2   
        _ _ _ _ 4 _ _ 
      _ _ _ _ 4 _ _ _ 
    _ _ _ _ 4 _ _ _ _ 
  _ _ _ _ 4 2 _ _ _ _ 
  _ _ 2 3 5 3 _ _ _   
_ _ 3 3 4 2 4 _ _ _   
_ _ 4 4 4 5 4 _ _     
_ _ 4 4 4 4 _ _       
_ _ _ _ 4 3 _         
  _ _ _ 2             
            _ _ _ 2   
         _ _ _ _ 4 _ _ 
        _ _ _ _ 4 _ _ _ 
       _ _ _ _ 4 _ _ _ _ 
      _ _ _ _ 4 2 _ _ _ _ 
       _ _ 2 3 5 3 _ _ _   
      _ _ 3 3 4 2 4 _ _ _   
       _ _ 4 4 4 5 4 _ _     
        _ _ 4 4 4 4 _ _       
         _ _ _ _ 4 3 _         
            _ _ _ 2             
He did 
lets see this one
            _ _ _ 2   
        _ _ _ _ 4 _ _ 
      _ _ _ _ 4 _ _ _ 
    _ _ _ _ 4 _ _ _ _ 
  _ _ _ _ 4 2 _ _ _ _ 
  _ _ 2 3 5 3 _ _ _   
_ _ 3 3 4 2 4 _ _ _   
_ _ 4 4 4 5 4 _ _     
_ _ 4 4 4 4 _ _       
_ _ _ _ 4 3 _         
  _ _ _ 2             
            _ _ _ 2   
         _ _ _ _ 4 _ _ 
        _ _ _ _ 4 _ _ _ 
       _ _ _ _ 4 _ _ _ _ 
      _ _ _ _ 4 2 _ _ _ _ 
       _ _ 2 3 5 3 _ _ _   
      _ _ 3 3 4 2 4 _ _ _   
       _ _ 4 4 4 5 4 _ _     
        _ _ 4 4 4 4 _ _       
         _ _ _ _ 4 3 _         
            _ _ _ 2             
starting iteration on above
I, player 1 did  S 5 16 M 5 17 RS 5 16 RE 1 4 X 5 17 which means 
            _ _ _ 2   
        _ _ _ _ 4 _ _ 
      _ _ _ _ 4 _ _ _ 
    _ _ _ _ 4 _ _ _ _ 
  _ _ _ _ 4 2 _ _ _ _ 
  _ _ 2 3 5 3 _ _ _   
_ _ 3 3 _ 2 4 _ _ _   
_ _ 4 4 _ 5 4 _ _     
_ _ 4 4 _ 4 _ _       
_ _ _ _ _ 3 _         
  _ _ _ _             
            _ _ _ 2   
         _ _ _ _ 4 _ _ 
        _ _ _ _ 4 _ _ _ 
       _ _ _ _ 4 _ _ _ _ 
      _ _ _ _ 4 2 _ _ _ _ 
       _ _ 2 3 5 3 _ _ _   
      _ _ 3 3 _ 2 4 _ _ _   
       _ _ 4 4 _ 5 4 _ _     
        _ _ 4 4 _ 4 _ _       
         _ _ _ _ _ 3 _         
            _ _ _ _             
He did 
lets see this one
            _ _ _ 2   
        _ _ _ _ 4 _ _ 
      _ _ _ _ 4 _ _ _ 
    _ _ _ _ 4 _ _ _ _ 
  _ _ _ _ 4 2 _ _ _ _ 
  _ _ 2 3 5 3 _ _ _   
_ _ 3 3 _ 2 4 _ _ _   
_ _ 4 4 _ 5 4 _ _     
_ _ 4 4 _ 4 _ _       
_ _ _ _ _ 3 _         
  _ _ _ _             
            _ _ _ 2   
         _ _ _ _ 4 _ _ 
        _ _ _ _ 4 _ _ _ 
       _ _ _ _ 4 _ _ _ _ 
      _ _ _ _ 4 2 _ _ _ _ 
       _ _ 2 3 5 3 _ _ _   
      _ _ 3 3 _ 2 4 _ _ _   
       _ _ 4 4 _ 5 4 _ _     
        _ _ 4 4 _ 4 _ _       
         _ _ _ _ _ 3 _         
            _ _ _ _             
starting iteration on above
I, player 1 did  S 5 4 M 4 4 RS 1 0 RE 5 4 X 1 1 which means 
            _ _ _ _   
        _ _ _ _ _ 2 _ 
      _ _ _ _ _ _ _ _ 
    _ _ _ _ _ _ _ _ _ 
  _ _ _ _ _ _ _ _ _ _ 
  _ _ 2 3 5 3 _ _ _   
_ _ 3 3 _ 2 4 _ _ _   
_ _ 4 4 _ 5 4 _ _     
_ _ 4 4 _ 4 _ _       
_ _ _ _ _ 3 _         
  _ _ _ _             
            _ _ _ _   
         _ _ _ _ _ 2 _ 
        _ _ _ _ _ _ _ _ 
       _ _ _ _ _ _ _ _ _ 
      _ _ _ _ _ _ _ _ _ _ 
       _ _ 2 3 5 3 _ _ _   
      _ _ 3 3 _ 2 4 _ _ _   
       _ _ 4 4 _ 5 4 _ _     
        _ _ 4 4 _ 4 _ _       
         _ _ _ _ _ 3 _         
            _ _ _ _             
He did 
lets see this one
            _ _ _ _   
        _ _ _ _ _ 2 _ 
      _ _ _ _ _ _ _ _ 
    _ _ _ _ _ _ _ _ _ 
  _ _ _ _ _ _ _ _ _ _ 
  _ _ 2 3 5 3 _ _ _   
_ _ 3 3 _ 2 4 _ _ _   
_ _ 4 4 _ 5 4 _ _     
_ _ 4 4 _ 4 _ _       
_ _ _ _ _ 3 _         
  _ _ _ _             
            _ _ _ _   
         _ _ _ _ _ 2 _ 
        _ _ _ _ _ _ _ _ 
       _ _ _ _ _ _ _ _ _ 
      _ _ _ _ _ _ _ _ _ _ 
       _ _ 2 3 5 3 _ _ _   
      _ _ 3 3 _ 2 4 _ _ _   
       _ _ 4 4 _ 5 4 _ _     
        _ _ 4 4 _ 4 _ _       
         _ _ _ _ _ 3 _         
            _ _ _ _             
starting iteration on above
I, player 1 did  S 4 4 M 1 4 which means 
            _ _ _ _   
        _ _ _ _ _ 4 _ 
      _ _ _ _ _ _ _ _ 
    _ _ _ _ _ _ _ _ _ 
  _ _ _ _ _ _ _ _ _ _ 
  _ _ 2 3 4 3 _ _ _   
_ _ 3 3 2 2 4 _ _ _   
_ _ 4 4 _ 5 4 _ _     
_ _ 4 4 _ 4 _ _       
_ _ _ _ _ 3 _         
  _ _ _ _             
            _ _ _ _   
         _ _ _ _ _ 4 _ 
        _ _ _ _ _ _ _ _ 
       _ _ _ _ _ _ _ _ _ 
      _ _ _ _ _ _ _ _ _ _ 
       _ _ 2 3 4 3 _ _ _   
      _ _ 3 3 2 2 4 _ _ _   
       _ _ 4 4 _ 5 4 _ _     
        _ _ 4 4 _ 4 _ _       
         _ _ _ _ _ 3 _         
            _ _ _ _             
He did 
lets see this one
            _ _ _ _   
        _ _ _ _ _ 4 _ 
      _ _ _ _ _ _ _ _ 
    _ _ _ _ _ _ _ _ _ 
  _ _ _ _ _ _ _ _ _ _ 
  _ _ 2 3 4 3 _ _ _   
_ _ 3 3 2 2 4 _ _ _   
_ _ 4 4 _ 5 4 _ _     
_ _ 4 4 _ 4 _ _       
_ _ _ _ _ 3 _         
  _ _ _ _             
            _ _ _ _   
         _ _ _ _ _ 4 _ 
        _ _ _ _ _ _ _ _ 
       _ _ _ _ _ _ _ _ _ 
      _ _ _ _ _ _ _ _ _ _ 
       _ _ 2 3 4 3 _ _ _   
      _ _ 3 3 2 2 4 _ _ _   
       _ _ 4 4 _ 5 4 _ _     
        _ _ 4 4 _ 4 _ _       
         _ _ _ _ _ 3 _         
            _ _ _ _             
starting iteration on above
I, player 1 did  S 1 4 M 2 7 which means 
            _ _ _ _   
        _ _ _ _ _ 4 _ 
      _ _ _ _ _ _ _ _ 
    _ _ _ _ _ _ _ _ _ 
  _ _ _ _ _ _ _ _ _ _ 
  _ _ 2 3 4 3 _ _ _   
_ _ 3 3 4 2 4 _ _ _   
_ _ 4 4 2 5 4 _ _     
_ _ 4 4 _ 4 _ _       
_ _ _ _ _ 3 _         
  _ _ _ _             
            _ _ _ _   
         _ _ _ _ _ 4 _ 
        _ _ _ _ _ _ _ _ 
       _ _ _ _ _ _ _ _ _ 
      _ _ _ _ _ _ _ _ _ _ 
       _ _ 2 3 4 3 _ _ _   
      _ _ 3 3 4 2 4 _ _ _   
       _ _ 4 4 2 5 4 _ _     
        _ _ 4 4 _ 4 _ _       
         _ _ _ _ _ 3 _         
            _ _ _ _             
He did 
lets see this one
            _ _ _ _   
        _ _ _ _ _ 4 _ 
      _ _ _ _ _ _ _ _ 
    _ _ _ _ _ _ _ _ _ 
  _ _ _ _ _ _ _ _ _ _ 
  _ _ 2 3 4 3 _ _ _   
_ _ 3 3 4 2 4 _ _ _   
_ _ 4 4 2 5 4 _ _     
_ _ 4 4 _ 4 _ _       
_ _ _ _ _ 3 _         
  _ _ _ _             
            _ _ _ _   
         _ _ _ _ _ 4 _ 
        _ _ _ _ _ _ _ _ 
       _ _ _ _ _ _ _ _ _ 
      _ _ _ _ _ _ _ _ _ _ 
       _ _ 2 3 4 3 _ _ _   
      _ _ 3 3 4 2 4 _ _ _   
       _ _ 4 4 2 5 4 _ _     
        _ _ 4 4 _ 4 _ _       
         _ _ _ _ _ 3 _         
            _ _ _ _             
starting iteration on above
I, player 1 did  S 2 7 M 3 10 which means 
            _ _ _ _   
        _ _ _ _ _ 4 _ 
      _ _ _ _ _ _ _ _ 
    _ _ _ _ _ _ _ _ _ 
  _ _ _ _ _ _ _ _ _ _ 
  _ _ 2 3 4 3 _ _ _   
_ _ 3 3 4 2 4 _ _ _   
_ _ 4 4 4 5 4 _ _     
_ _ 4 4 2 4 _ _       
_ _ _ _ _ 3 _         
  _ _ _ _             
            _ _ _ _   
         _ _ _ _ _ 4 _ 
        _ _ _ _ _ _ _ _ 
       _ _ _ _ _ _ _ _ _ 
      _ _ _ _ _ _ _ _ _ _ 
       _ _ 2 3 4 3 _ _ _   
      _ _ 3 3 4 2 4 _ _ _   
       _ _ 4 4 4 5 4 _ _     
        _ _ 4 4 2 4 _ _       
         _ _ _ _ _ 3 _         
            _ _ _ _             
He did 
lets see this one
            _ _ _ _   
        _ _ _ _ _ 4 _ 
      _ _ _ _ _ _ _ _ 
    _ _ _ _ _ _ _ _ _ 
  _ _ _ _ _ _ _ _ _ _ 
  _ _ 2 3 4 3 _ _ _   
_ _ 3 3 4 2 4 _ _ _   
_ _ 4 4 4 5 4 _ _     
_ _ 4 4 2 4 _ _       
_ _ _ _ _ 3 _         
  _ _ _ _             
            _ _ _ _   
         _ _ _ _ _ 4 _ 
        _ _ _ _ _ _ _ _ 
       _ _ _ _ _ _ _ _ _ 
      _ _ _ _ _ _ _ _ _ _ 
       _ _ 2 3 4 3 _ _ _   
      _ _ 3 3 4 2 4 _ _ _   
       _ _ 4 4 4 5 4 _ _     
        _ _ 4 4 2 4 _ _       
         _ _ _ _ _ 3 _         
            _ _ _ _             
starting iteration on above
I, player 1 did  S 3 10 M 2 4 RS 3 13 RE 3 8 X 2 4 which means 
            _ _ _ _   
        _ _ _ _ _ 4 _ 
      _ _ _ _ _ _ _ _ 
    _ _ _ _ _ _ _ _ _ 
  _ _ _ _ _ _ _ _ _ _ 
  _ _ 2 3 4 3 _ _ _   
_ _ 3 3 4 2 5 _ _ _   
_ _ _ _ _ _ _ _ _     
_ _ 4 4 4 4 _ _       
_ _ _ _ _ 3 _         
  _ _ _ _             
            _ _ _ _   
         _ _ _ _ _ 4 _ 
        _ _ _ _ _ _ _ _ 
       _ _ _ _ _ _ _ _ _ 
      _ _ _ _ _ _ _ _ _ _ 
       _ _ 2 3 4 3 _ _ _   
      _ _ 3 3 4 2 5 _ _ _   
       _ _ _ _ _ _ _ _ _     
        _ _ 4 4 4 4 _ _       
         _ _ _ _ _ 3 _         
            _ _ _ _             
He did 
lets see this one
            _ _ _ _   
        _ _ _ _ _ 4 _ 
      _ _ _ _ _ _ _ _ 
    _ _ _ _ _ _ _ _ _ 
  _ _ _ _ _ _ _ _ _ _ 
  _ _ 2 3 4 3 _ _ _   
_ _ 3 3 4 2 5 _ _ _   
_ _ _ _ _ _ _ _ _     
_ _ 4 4 4 4 _ _       
_ _ _ _ _ 3 _         
  _ _ _ _             
            _ _ _ _   
         _ _ _ _ _ 4 _ 
        _ _ _ _ _ _ _ _ 
       _ _ _ _ _ _ _ _ _ 
      _ _ _ _ _ _ _ _ _ _ 
       _ _ 2 3 4 3 _ _ _   
      _ _ 3 3 4 2 5 _ _ _   
       _ _ _ _ _ _ _ _ _     
        _ _ 4 4 4 4 _ _       
         _ _ _ _ _ 3 _         
            _ _ _ _             
starting iteration on above
