{"action": "NORMAL", "meta": "", "data": "P 4 16"} Received from client 0
{"action": "NORMAL", "meta": "", "data": "P 0 0"} Received from client 1
{"action": "NORMAL", "meta": "", "data": "P 2 9"} Received from client 0
{"action": "NORMAL", "meta": "", "data": "P 1 4"} Received from client 1
{"action": "NORMAL", "meta": "", "data": "P 5 21"} Received from client 0
{"action": "NORMAL", "meta": "", "data": "P 4 17"} Received from client 1
{"action": "NORMAL", "meta": "", "data": "P 1 0"} Received from client 0
{"action": "NORMAL", "meta": "", "data": "P 1 5"} Received from client 1
{"action": "NORMAL", "meta": "", "data": "P 2 0"} Received from client 0
{"action": "NORMAL", "meta": "", "data": "P 2 1"} Received from client 1
{"action": "NORMAL", "meta": "", "data": "S 4 16 M 3 12"} Received from client 0
{"action": "NORMAL", "meta": "", "data": "S 0 0 M 1 3"} Received from client 1
{"action": "NORMAL", "meta": "", "data": "S 3 12 M 2 8"} Received from client 0
{"action": "NORMAL", "meta": "", "data": "S 1 3 M 2 6"} Received from client 1
{"action": "NORMAL", "meta": "", "data": "S 2 8 M 3 11"} Received from client 0
{"action": "NORMAL", "meta": "", "data": "S 2 6 M 3 9"} Received from client 1
{"action": "NORMAL", "meta": "", "data": "S 3 11 M 3 10"} Received from client 0
{"action": "NORMAL", "meta": "", "data": "S 4 17 M 3 13"} Received from client 1
{"action": "NORMAL", "meta": "", "data": "S 3 10 M 2 7"} Received from client 0
{"action": "NORMAL", "meta": "", "data": "S 3 13 M 3 14"} Received from client 1
{"action": "NORMAL", "meta": "", "data": "S 2 9 M 2 10"} Received from client 0
{"action": "NORMAL", "meta": "", "data": "S 3 14 M 3 15"} Received from client 1
{"action": "NORMAL", "meta": "", "data": "S 2 10 M 3 16"} Received from client 0
{"action": "NORMAL", "meta": "", "data": "S 1 4 M 4 19"} Received from client 1
{"action": "NORMAL", "meta": "", "data": "S 3 16 M 2 11"} Received from client 0
{"action": "NORMAL", "meta": "", "data": "S 2 1 M 3 1"} Received from client 1
{"action": "NORMAL", "meta": "", "data": "S 1 0 M 3 2"} Received from client 0
{"action": "NORMAL", "meta": "", "data": "S 4 19 M 5 19"} Received from client 1
{"action": "NORMAL", "meta": "", "data": "S 2 7 M 4 15"} Received from client 0
{"action": "NORMAL", "meta": "", "data": "S 3 9 M 5 22"} Received from client 1
{"action": "NORMAL", "meta": "", "data": "S 2 11 M 1 1"} Received from client 0
{"action": "NORMAL", "meta": "", "data": "RS 3 9 RE 1 0 X 3 1 S 1 5 M 1 0"} Received from client 1
{"action": "NORMAL", "meta": "", "data": "S 1 1 M 2 5"} Received from client 0
{"action": "NORMAL", "meta": "", "data": "S 1 0 M 4 21 RS 4 17 RE 1 0 X 4 21"} Received from client 1
{"action": "NORMAL", "meta": "", "data": "S 2 5 M 2 9"} Received from client 0
{"action": "NORMAL", "meta": "", "data": "S 5 22 M 5 23"} Received from client 1
{"action": "NORMAL", "meta": "", "data": "S 2 0 M 4 18"} Received from client 0
{"action": "NORMAL", "meta": "", "data": "S 3 15 M 1 5"} Received from client 1
{"action": "NORMAL", "meta": "", "data": "S 2 9 M 5 24"} Received from client 0
{"action": "NORMAL", "meta": "", "data": "S 1 5 M 4 20"} Received from client 1
{"action": "NORMAL", "meta": "", "data": "S 5 21 M 3 13"} Received from client 0
{"action": "NORMAL", "meta": "", "data": "S 5 19 M 5 16"} Received from client 1
{"action": "NORMAL", "meta": "", "data": "S 3 13 M 4 17"} Received from client 0
{"action": "NORMAL", "meta": "", "data": "S 5 16 M 4 13"} Received from client 1
{"action": "NORMAL", "meta": "", "data": "S 3 2 M 2 3"} Received from client 0
{"action": "NORMAL", "meta": "", "data": "S 4 20 M 4 21"} Received from client 1
{"action": "NORMAL", "meta": "", "data": "S 2 3 M 1 3"} Received from client 0
{"action": "NORMAL", "meta": "", "data": "S 4 13 M 3 17"} Received from client 1
{"action": "NORMAL", "meta": "", "data": "S 4 17 M 3 9 RS 5 21 RE 1 5 X 4 15"} Received from client 0
{"action": "FINISH", "meta": "Player 2 SCORE : 9.008 : Player 1 SCORE : 1.011", "data": "RS 5 16 RE 1 4 X 5 23"} Received from client 1
